2019-Feb-25 19:02:17.929 INFO  [main] c.a.k.KatchupApplication - Starting KatchupApplication on Sushruths-MacBook-Pro.local with PID 41733 (/Users/sushruthradhakrishna/IdeaProjects/KatchUp/target/classes started by sushruthradhakrishna in /Users/sushruthradhakrishna/IdeaProjects/KatchUp)
2019-Feb-25 19:02:17.933 DEBUG [main] c.a.k.KatchupApplication - Running with Spring Boot v2.1.3.RELEASE, Spring v5.1.5.RELEASE
2019-Feb-25 19:02:17.934 INFO  [main] c.a.k.KatchupApplication - No active profile set, falling back to default profiles: default
2019-Feb-25 19:02:17.935 DEBUG [background-preinit] o.h.v.m.ResourceBundleMessageInterpolator - Loaded expression factory via original TCCL
2019-Feb-25 19:02:17.940 DEBUG [background-preinit] o.h.v.i.e.ValidatorFactoryImpl - HV000234: Using org.hibernate.validator.messageinterpolation.ResourceBundleMessageInterpolator as ValidatorFactory-scoped message interpolator.
2019-Feb-25 19:02:17.940 DEBUG [background-preinit] o.h.v.i.e.ValidatorFactoryImpl - HV000234: Using org.hibernate.validator.internal.engine.resolver.JPATraversableResolver as ValidatorFactory-scoped traversable resolver.
2019-Feb-25 19:02:17.940 DEBUG [background-preinit] o.h.v.i.e.ValidatorFactoryImpl - HV000234: Using org.hibernate.validator.internal.util.ExecutableParameterNameProvider as ValidatorFactory-scoped parameter name provider.
2019-Feb-25 19:02:17.940 DEBUG [background-preinit] o.h.v.i.e.ValidatorFactoryImpl - HV000234: Using org.hibernate.validator.internal.engine.DefaultClockProvider as ValidatorFactory-scoped clock provider.
2019-Feb-25 19:02:17.941 DEBUG [background-preinit] o.h.v.i.e.ValidatorFactoryImpl - HV000234: Using org.hibernate.validator.internal.engine.scripting.DefaultScriptEvaluatorFactory as ValidatorFactory-scoped script evaluator factory.
2019-Feb-25 19:02:20.226 DEBUG [main] o.h.v.i.e.r.TraversableResolvers - Found javax.persistence.Persistence on classpath containing 'getPersistenceUtil'. Assuming JPA 2 environment. Trying to instantiate JPA aware TraversableResolver
2019-Feb-25 19:02:20.227 DEBUG [main] o.h.v.i.e.r.TraversableResolvers - Instantiated JPA aware TraversableResolver of type org.hibernate.validator.internal.engine.resolver.JPATraversableResolver.
2019-Feb-25 19:02:20.227 DEBUG [main] o.h.v.m.ResourceBundleMessageInterpolator - Loaded expression factory via original TCCL
2019-Feb-25 19:02:20.228 DEBUG [main] o.h.v.i.e.r.TraversableResolvers - Found javax.persistence.Persistence on classpath containing 'getPersistenceUtil'. Assuming JPA 2 environment. Trying to instantiate JPA aware TraversableResolver
2019-Feb-25 19:02:20.228 DEBUG [main] o.h.v.i.e.r.TraversableResolvers - Instantiated JPA aware TraversableResolver of type org.hibernate.validator.internal.engine.resolver.JPATraversableResolver.
2019-Feb-25 19:02:20.229 DEBUG [main] o.h.v.i.e.ConfigurationImpl - Setting custom MessageInterpolator of type org.springframework.validation.beanvalidation.LocaleContextMessageInterpolator
2019-Feb-25 19:02:20.229 DEBUG [main] o.h.v.i.e.ConfigurationImpl - Setting custom ConstraintValidatorFactory of type org.springframework.validation.beanvalidation.SpringConstraintValidatorFactory
2019-Feb-25 19:02:20.230 DEBUG [main] o.h.v.i.e.ConfigurationImpl - Setting custom ParameterNameProvider of type org.springframework.validation.beanvalidation.LocalValidatorFactoryBean$1
2019-Feb-25 19:02:20.231 DEBUG [main] o.h.v.i.x.c.ValidationXmlParser - Trying to load META-INF/validation.xml for XML based Validator configuration.
2019-Feb-25 19:02:20.231 DEBUG [main] o.h.v.i.x.c.ResourceLoaderHelper - Trying to load META-INF/validation.xml via user class loader
2019-Feb-25 19:02:20.231 DEBUG [main] o.h.v.i.x.c.ResourceLoaderHelper - Trying to load META-INF/validation.xml via TCCL
2019-Feb-25 19:02:20.231 DEBUG [main] o.h.v.i.x.c.ResourceLoaderHelper - Trying to load META-INF/validation.xml via Hibernate Validator's class loader
2019-Feb-25 19:02:20.231 DEBUG [main] o.h.v.i.x.c.ValidationXmlParser - No META-INF/validation.xml found. Using annotation based configuration only.
2019-Feb-25 19:02:20.234 DEBUG [main] o.h.v.i.e.ValidatorFactoryImpl - HV000234: Using org.springframework.validation.beanvalidation.LocaleContextMessageInterpolator as ValidatorFactory-scoped message interpolator.
2019-Feb-25 19:02:20.234 DEBUG [main] o.h.v.i.e.ValidatorFactoryImpl - HV000234: Using org.hibernate.validator.internal.engine.resolver.JPATraversableResolver as ValidatorFactory-scoped traversable resolver.
2019-Feb-25 19:02:20.234 DEBUG [main] o.h.v.i.e.ValidatorFactoryImpl - HV000234: Using org.hibernate.validator.internal.util.ExecutableParameterNameProvider as ValidatorFactory-scoped parameter name provider.
2019-Feb-25 19:02:20.234 DEBUG [main] o.h.v.i.e.ValidatorFactoryImpl - HV000234: Using org.hibernate.validator.internal.engine.DefaultClockProvider as ValidatorFactory-scoped clock provider.
2019-Feb-25 19:02:20.235 DEBUG [main] o.h.v.i.e.ValidatorFactoryImpl - HV000234: Using org.hibernate.validator.internal.engine.scripting.DefaultScriptEvaluatorFactory as ValidatorFactory-scoped script evaluator factory.
2019-Feb-25 19:02:20.517 INFO  [main] c.a.k.KatchupApplication - Started KatchupApplication in 2.912 seconds (JVM running for 4.416)
